<?xml version="1.0" encoding="UTF-8"?>
<beans xmlns="http://www.springframework.org/schema/beans"
	xmlns:xsi="http://www.w3.org/2001/XMLSchema-instance" xmlns:aop="http://www.springframework.org/schema/aop"
	xmlns:tx="http://www.springframework.org/schema/tx" xmlns:context="http://www.springframework.org/schema/context"
	xsi:schemaLocation="http://www.springframework.org/schema/beans http://www.springframework.org/schema/beans/spring-beans-3.0.xsd
           http://www.springframework.org/schema/aop http://www.springframework.org/schema/aop/spring-aop-3.0.xsd
           http://www.springframework.org/schema/tx http://www.springframework.org/schema/tx/spring-tx-3.0.xsd
           http://www.springframework.org/schema/context http://www.springframework.org/schema/context/spring-context.xsd">
	<bean id="fc-patient-framework-web-propertyPlaceholderConfigurer"
		class="org.springframework.beans.factory.config.PropertyPlaceholderConfigurer">
		<property name="order" value="2" />
		<property name="ignoreUnresolvablePlaceholders" value="true" />
		<property name="systemPropertiesModeName" value="SYSTEM_PROPERTIES_MODE_OVERRIDE" />
		<property name="locations">
			<list>
				<value>classpath:META-INF/global.properties</value>
				<value>classpath:META-INF/framework.properties</value>
			</list>
		</property>
	</bean>
	
	<!-- 开发模式时数据源配置 -->
	<bean id="st-dataSource" class="org.apache.commons.dbcp.BasicDataSource" destroy-method="close">
		<property name="driverClassName" value="${oracle.jdbc.driverclassname}" />
		<property name="url" value="${oracle.jdbc.url}" />
		<property name="username" value="${oracle.jdbc.username}" />
		<property name="password" value="${oracle.jdbc.password}" />
		<property name="poolPreparedStatements" value="false" />
	</bean>
	

	<import resource="classpath:META-INF/framework-mock.xml" />
	<import resource="classpath:META-INF/dubbo/framework-dubbo-all.xml" />

</beans>